Object not found: U2 SPX3819 [Package: AB2_SOT23-5, Library: AB2_SOT23-5]
Object not found: J1 1x6_female_pin_Header_2.54mm [Package: 1x6-Socket-header-2.54mm, Library: 1x6-Socket-header-2.54mm]
Object not found: J2 1x6_female_pin_Header_2.54mm [Package: 1x6-Socket-header-2.54mm, Library: 1x6-Socket-header-2.54mm]
Object not found: J3 1x6_female_pin_Header_2.54mm [Package: 1x6-Socket-header-2.54mm, Library: 1x6-Socket-header-2.54mm]
Object not found: J4 1x6_female_pin_Header_2.54mm [Package: 1x6-Socket-header-2.54mm, Library: 1x6-Socket-header-2.54mm]
Object not found: U1 ESP-12E [Package: ESP-12E, Library: ESP-12E]
Object not found: U4 MICRO-B_USB [Package: USB_Micro-B, Library: USB_Micro-B]
Object not found: C1 10uF [Package: C_0805_HandSoldering, Library: C_0805_HandSoldering]
Object not found: C2 1uF [Package: C_0805_HandSoldering, Library: C_0805_HandSoldering]
Object not found: C3 10uF [Package: C_0805_HandSoldering, Library: C_0805_HandSoldering]
Object not found: C4 10uF [Package: C_0805_HandSoldering, Library: C_0805_HandSoldering]
Object not found: D1 MBR120 [Package: SOD-123, Library: SOD-123]
Object not found: D3 PURPLE [Package: LED_1206_Hand_Soldering, Library: LED_1206_Hand_Soldering]
Object not found: IC1 CH340G [Package: SOIC-16_3.9x9.9mm_Pitch1.27mm, Library: SOIC-16_3.9x9.9mm_Pitch1.27mm]
Object not found: Q1 PZT2222A [Package: AB2_SOT23-3, Library: AB2_SOT23-3]
Object not found: Q2 PZT2222A [Package: AB2_SOT23-3, Library: AB2_SOT23-3]
Object not found: R1 10K [Package: R_0805_HandSoldering, Library: R_0805_HandSoldering]
Object not found: R3 10K [Package: R_0805_HandSoldering, Library: R_0805_HandSoldering]
Object not found: R4 1K [Package: R_0805_HandSoldering, Library: R_0805_HandSoldering]
Object not found: R5 1K [Package: R_0805_HandSoldering, Library: R_0805_HandSoldering]
Object not found: R6 1K [Package: R_0805_HandSoldering, Library: R_0805_HandSoldering]
Object not found: R7 10K [Package: R_0805_HandSoldering, Library: R_0805_HandSoldering]
Object not found: R8 10K [Package: R_0805_HandSoldering, Library: R_0805_HandSoldering]
Object not found: R9 1K [Package: R_0805_HandSoldering, Library: R_0805_HandSoldering]
Object not found: R12 470 [Package: R_0805_HandSoldering, Library: R_0805_HandSoldering]
Object not found: R13 470 [Package: R_0805_HandSoldering, Library: R_0805_HandSoldering]
Object not found: RES1 AB2_RES_3P [Package: RESONATOR_CSTCE, Library: RESONATOR_CSTCE]
Object not found: U3 PUSHBUTTON [Package: PUSHBUTTON_SMD_PTS810, Library: PUSHBUTTON_SMD_PTS810]
